<?xml version="1.0" encoding="UTF-8"?>
<!-- Generated by org.testng.reporters.JUnitXMLReporter -->
<testsuite ignored="0" hostname="DESKTOP-NPOVF55" failures="0" tests="3" name="Test-2" time="114.477" errors="0" timestamp="2024-10-22T12:52:07 IST">
  <testcase classname="com.comcast.crm.contacttest.CreateContactTestWithPOMWithAnnotation" name="createContactTest" time="21.102"/>
  <testcase classname="com.comcast.crm.contacttest.CreateContactTestWithPOMWithAnnotation" name="createContactWithOrgTest" time="35.094"/>
  <testcase classname="com.comcast.crm.contacttest.CreateContactTestWithPOMWithAnnotation" name="createContactWithSupportDateTest" time="16.195"/>
</testsuite> <!-- Test-2 -->
