<?xml version="1.0" encoding="UTF-8"?>
<!-- Generated by org.testng.reporters.JUnitReportReporter -->
<testsuite hostname="DESKTOP-NPOVF55" failures="0" tests="1" name="com.comcast.crm.troubletickettest.CreateTroubleTicketWithPOMWithAnnotation" time="38.583" errors="0" timestamp="2024-10-22T10:23:13 IST" skipped="0">
  <testcase classname="com.comcast.crm.troubletickettest.CreateTroubleTicketWithPOMWithAnnotation" name="createTroubleTicketTest" time="38.583"/>
  <system-out/>
</testsuite> <!-- com.comcast.crm.troubletickettest.CreateTroubleTicketWithPOMWithAnnotation -->
