<?xml version="1.0" encoding="UTF-8"?>
<!-- Generated by org.testng.reporters.JUnitReportReporter -->
<testsuite hostname="DESKTOP-NPOVF55" failures="0" tests="1" name="com.comcast.crm.leadtest.CreateLeadWithPOMWithAnnotation_Assertion" time="28.223" errors="0" timestamp="2024-10-24T17:09:36 IST" skipped="0">
  <testcase classname="com.comcast.crm.leadtest.CreateLeadWithPOMWithAnnotation_Assertion" name="createLead" time="28.223"/>
  <system-out/>
</testsuite> <!-- com.comcast.crm.leadtest.CreateLeadWithPOMWithAnnotation_Assertion -->
