<?xml version="1.0" encoding="UTF-8"?>
<!-- Generated by org.testng.reporters.JUnitReportReporter -->
<testsuite hostname="DESKTOP-NPOVF55" failures="0" tests="1" name="Practice.LaunchVtiger" time="12.902" errors="0" timestamp="2024-10-23T17:37:04 IST" skipped="0">
  <testcase classname="Practice.LaunchVtiger" name="launch" time="12.902"/>
  <system-out/>
</testsuite> <!-- Practice.LaunchVtiger -->
