<?xml version="1.0" encoding="UTF-8"?>
<!-- Generated by org.testng.reporters.JUnitReportReporter -->
<testsuite hostname="DESKTOP-NPOVF55" failures="0" tests="3" name="com.comcast.crm.orgtest.CreateOrganizationTestWithPOMWithAnnotation_Assertion" time="84.605" errors="0" timestamp="2024-10-24T17:19:53 IST" skipped="0">
  <testcase classname="com.comcast.crm.orgtest.CreateOrganizationTestWithPOMWithAnnotation_Assertion" name="createOrgWithPhoneNoTest" time="27.788"/>
  <system-out/>
  <testcase classname="com.comcast.crm.orgtest.CreateOrganizationTestWithPOMWithAnnotation_Assertion" name="createOrgTest" time="28.032"/>
  <system-out/>
  <testcase classname="com.comcast.crm.orgtest.CreateOrganizationTestWithPOMWithAnnotation_Assertion" name="createOrgWithIndustryTest" time="28.785"/>
  <system-out/>
</testsuite> <!-- com.comcast.crm.orgtest.CreateOrganizationTestWithPOMWithAnnotation_Assertion -->
