<?xml version="1.0" encoding="UTF-8"?>
<!-- Generated by org.testng.reporters.JUnitReportReporter -->
<testsuite hostname="DESKTOP-NPOVF55" failures="0" tests="1" name="com.comcast.crm.producttest.CreateProductWithPOMWithAnnotation_Assertion" time="25.990" errors="0" timestamp="2024-10-24T16:23:28 IST" skipped="0">
  <testcase classname="com.comcast.crm.producttest.CreateProductWithPOMWithAnnotation_Assertion" name="createProductTest" time="25.990"/>
  <system-out/>
</testsuite> <!-- com.comcast.crm.producttest.CreateProductWithPOMWithAnnotation_Assertion -->
