<?xml version="1.0" encoding="UTF-8"?>
<!-- Generated by org.testng.reporters.JUnitReportReporter -->
<testsuite hostname="DESKTOP-NPOVF55" failures="0" tests="3" name="Practice.LaunchChromeTest" time="8.993" errors="0" timestamp="2024-10-21T18:26:56 IST" skipped="0">
  <testcase classname="Practice.LaunchChromeTest" name="launchGoogle" time="1.930"/>
  <system-out/>
  <testcase classname="Practice.LaunchChromeTest" name="launchAmazon" time="3.385"/>
  <system-out/>
  <testcase classname="Practice.LaunchChromeTest" name="launchDemoApps" time="3.678"/>
  <system-out/>
</testsuite> <!-- Practice.LaunchChromeTest -->
