<?xml version="1.0" encoding="UTF-8"?>
<!-- Generated by org.testng.reporters.JUnitReportReporter -->
<testsuite hostname="DESKTOP-NPOVF55" failures="0" tests="1" name="com.comcast.crm.troubletickettest.CreateTroubleTicketWithPOMWithAnnotation_Assertion" time="41.448" errors="0" timestamp="2024-10-24T17:34:03 IST" skipped="0">
  <testcase classname="com.comcast.crm.troubletickettest.CreateTroubleTicketWithPOMWithAnnotation_Assertion" name="createTroubleTicketTest" time="41.448"/>
  <system-out/>
</testsuite> <!-- com.comcast.crm.troubletickettest.CreateTroubleTicketWithPOMWithAnnotation_Assertion -->
