<?xml version="1.0" encoding="UTF-8"?>
<!-- Generated by org.testng.reporters.JUnitReportReporter -->
<testsuite hostname="DESKTOP-NPOVF55" failures="0" tests="4" name="Practice.Sample" time="15.149" errors="0" timestamp="2024-10-22T09:55:14 IST" skipped="0">
  <testcase classname="Practice.Sample" name="LaunchVtiger" time="4.505"/>
  <system-out/>
  <testcase classname="Practice.Sample" name="LaunchVtiger" time="4.521"/>
  <system-out/>
  <testcase classname="Practice.Sample" name="LaunchVtiger" time="3.076"/>
  <system-out/>
  <testcase classname="Practice.Sample" name="LaunchVtiger" time="3.047"/>
  <system-out/>
</testsuite> <!-- Practice.Sample -->
