<?xml version="1.0" encoding="UTF-8"?>
<!-- Generated by org.testng.reporters.JUnitReportReporter -->
<testsuite hostname="DESKTOP-NPOVF55" failures="0" tests="3" name="com.comcast.crm.contacttest.CreateContactTestWithPOMWithAnnotation_Assertion" time="89.695" errors="0" timestamp="2024-10-24T15:42:34 IST" skipped="0">
  <testcase classname="com.comcast.crm.contacttest.CreateContactTestWithPOMWithAnnotation_Assertion" name="createContactWithSupportDateTest" time="25.641"/>
  <system-out/>
  <testcase classname="com.comcast.crm.contacttest.CreateContactTestWithPOMWithAnnotation_Assertion" name="createContactTest" time="25.752"/>
  <system-out/>
  <testcase classname="com.comcast.crm.contacttest.CreateContactTestWithPOMWithAnnotation_Assertion" name="createContactWithOrgTest" time="38.302"/>
  <system-out/>
</testsuite> <!-- com.comcast.crm.contacttest.CreateContactTestWithPOMWithAnnotation_Assertion -->
