<?xml version="1.0" encoding="UTF-8"?>
<!-- Generated by org.testng.reporters.JUnitReportReporter -->
<testsuite hostname="DESKTOP-NPOVF55" failures="0" tests="1" name="com.comcast.crm.leadtest.CreateLeadWithPOMWithAnnotation" time="26.690" errors="0" timestamp="2024-10-22T10:23:13 IST" skipped="0">
  <testcase classname="com.comcast.crm.leadtest.CreateLeadWithPOMWithAnnotation" name="createLead" time="26.690"/>
  <system-out/>
</testsuite> <!-- com.comcast.crm.leadtest.CreateLeadWithPOMWithAnnotation -->
