<?xml version="1.0" encoding="UTF-8"?>
<!-- Generated by org.testng.reporters.JUnitReportReporter -->
<testsuite hostname="DESKTOP-NPOVF55" failures="0" tests="1" name="com.comcast.crm.orgtest.CreateOrganizationTestWithPOMWithAnnotation_Assertion_Report" time="13.414" errors="0" timestamp="2024-11-04T16:02:20 IST" skipped="0">
  <testcase classname="com.comcast.crm.orgtest.CreateOrganizationTestWithPOMWithAnnotation_Assertion_Report" name="createOrgTest" time="13.414"/>
  <system-out/>
</testsuite> <!-- com.comcast.crm.orgtest.CreateOrganizationTestWithPOMWithAnnotation_Assertion_Report -->
