<?xml version="1.0" encoding="UTF-8"?>
<!-- Generated by org.testng.reporters.JUnitReportReporter -->
<testsuite hostname="DESKTOP-NPOVF55" failures="0" tests="1" name="com.comcast.crm.vendortest.CreateVendorWithPOMWithAnnotation_Assertion" time="27.493" errors="0" timestamp="2024-10-24T18:15:38 IST" skipped="0">
  <testcase classname="com.comcast.crm.vendortest.CreateVendorWithPOMWithAnnotation_Assertion" name="createVendorTest" time="27.493"/>
  <system-out/>
</testsuite> <!-- com.comcast.crm.vendortest.CreateVendorWithPOMWithAnnotation_Assertion -->
